<?xml version="1.0" encoding="UTF-8"?>
<!-- Generated by org.testng.reporters.JUnitXMLReporter -->
<testsuite ignored="0" hostname="LAPTOP-E06RK7S2" failures="0" tests="3" name="Default test" time="7.474" errors="0" timestamp="2022-07-26T23:50:26 EDT">
  <testcase classname="allureReports.Tests" name="logoPresence" time="0.362"/>
  <testcase classname="allureReports.Tests" name="login" time="0.674"/>
  <testcase classname="allureReports.Tests" name="register" time="0.012">
    <skipped/>
  </testcase> <!-- register -->
</testsuite> <!-- Default test -->
