<?xml version="1.0" encoding="UTF-8"?>
<testng-results ignored="0" total="3" passed="2" failed="0" skipped="1">
  <reporter-output>
  </reporter-output>
  <suite started-at="2022-07-26T23:50:19 EDT" name="Default suite" finished-at="2022-07-26T23:50:26 EDT" duration-ms="7474">
    <groups>
    </groups>
    <test started-at="2022-07-26T23:50:19 EDT" name="Default test" finished-at="2022-07-26T23:50:26 EDT" duration-ms="7474">
      <class name="allureReports.Tests">
        <test-method is-config="true" signature="setup()[pri:0, instance:allureReports.Tests@4a83a74a]" started-at="2022-07-26T23:50:19 EDT" name="setup" finished-at="2022-07-26T23:50:25 EDT" duration-ms="5573" status="PASS">
          <reporter-output>
          </reporter-output>
        </test-method> <!-- setup -->
        <test-method signature="logoPresence()[pri:1, instance:allureReports.Tests@4a83a74a]" started-at="2022-07-26T23:50:25 EDT" name="logoPresence" finished-at="2022-07-26T23:50:25 EDT" duration-ms="362" status="PASS">
          <reporter-output>
          </reporter-output>
        </test-method> <!-- logoPresence -->
        <test-method signature="login()[pri:2, instance:allureReports.Tests@4a83a74a]" started-at="2022-07-26T23:50:25 EDT" name="login" finished-at="2022-07-26T23:50:26 EDT" duration-ms="674" status="PASS">
          <reporter-output>
          </reporter-output>
        </test-method> <!-- login -->
        <test-method signature="register()[pri:3, instance:allureReports.Tests@4a83a74a]" started-at="2022-07-26T23:50:26 EDT" name="register" finished-at="2022-07-26T23:50:26 EDT" duration-ms="12" status="SKIP">
          <exception class="org.testng.SkipException">
            <message>
              <![CDATA[skip this test]]>
            </message>
            <full-stacktrace>
              <![CDATA[org.testng.SkipException: skip this test
at allureReports.Tests.register(Tests.java:40)
at java.base/jdk.internal.reflect.NativeMethodAccessorImpl.invoke0(Native Method)
at java.base/jdk.internal.reflect.NativeMethodAccessorImpl.invoke(NativeMethodAccessorImpl.java:78)
at java.base/jdk.internal.reflect.DelegatingMethodAccessorImpl.invoke(DelegatingMethodAccessorImpl.java:43)
at java.base/java.lang.reflect.Method.invoke(Method.java:567)
at org.testng.internal.MethodInvocationHelper.invokeMethod(MethodInvocationHelper.java:133)
at org.testng.internal.TestInvoker.invokeMethod(TestInvoker.java:598)
at org.testng.internal.TestInvoker.invokeTestMethod(TestInvoker.java:173)
at org.testng.internal.MethodRunner.runInSequence(MethodRunner.java:46)
at org.testng.internal.TestInvoker$MethodInvocationAgent.invoke(TestInvoker.java:824)
at org.testng.internal.TestInvoker.invokeTestMethods(TestInvoker.java:146)
at org.testng.internal.TestMethodWorker.invokeTestMethods(TestMethodWorker.java:146)
at org.testng.internal.TestMethodWorker.run(TestMethodWorker.java:128)
at java.base/java.util.ArrayList.forEach(ArrayList.java:1511)
at org.testng.TestRunner.privateRun(TestRunner.java:794)
at org.testng.TestRunner.run(TestRunner.java:596)
at org.testng.SuiteRunner.runTest(SuiteRunner.java:377)
at org.testng.SuiteRunner.runSequentially(SuiteRunner.java:371)
at org.testng.SuiteRunner.privateRun(SuiteRunner.java:332)
at org.testng.SuiteRunner.run(SuiteRunner.java:276)
at org.testng.SuiteRunnerWorker.runSuite(SuiteRunnerWorker.java:53)
at org.testng.SuiteRunnerWorker.run(SuiteRunnerWorker.java:96)
at org.testng.TestNG.runSuitesSequentially(TestNG.java:1212)
at org.testng.TestNG.runSuitesLocally(TestNG.java:1134)
at org.testng.TestNG.runSuites(TestNG.java:1063)
at org.testng.TestNG.run(TestNG.java:1031)
at org.testng.remote.AbstractRemoteTestNG.run(AbstractRemoteTestNG.java:115)
at org.testng.remote.RemoteTestNG.initAndRun(RemoteTestNG.java:251)
at org.testng.remote.RemoteTestNG.main(RemoteTestNG.java:77)
]]>
            </full-stacktrace>
          </exception> <!-- org.testng.SkipException -->
          <reporter-output>
          </reporter-output>
        </test-method> <!-- register -->
        <test-method is-config="true" signature="close_browser()[pri:0, instance:allureReports.Tests@4a83a74a]" started-at="2022-07-26T23:50:26 EDT" name="close_browser" finished-at="2022-07-26T23:50:26 EDT" duration-ms="559" status="PASS">
          <reporter-output>
          </reporter-output>
        </test-method> <!-- close_browser -->
      </class> <!-- allureReports.Tests -->
    </test> <!-- Default test -->
  </suite> <!-- Default suite -->
</testng-results>
