<?xml version="1.0" encoding="UTF-8"?>
<!-- Generated by org.testng.reporters.JUnitXMLReporter -->
<testsuite ignored="0" hostname="LAPTOP-E06RK7S2" failures="0" tests="3" name="Test" time="5.022" errors="0" timestamp="2022-07-25T23:42:27 EDT">
  <testcase classname="allureReports.Tests" name="logoPresence" time="0.139"/>
  <testcase classname="allureReports.Tests" name="login" time="0.5"/>
  <testcase classname="allureReports.Tests" name="register" time="0.003">
    <skipped/>
  </testcase> <!-- register -->
</testsuite> <!-- Test -->
